2021-07-21 09:36:07.932 | ERROR    | module.spiderurl:spider_url:47 - get error: Message: timeout: Timed out receiving message from renderer: 9.927
  (Session info: headless chrome=91.0.4472.114)

2021-07-21 09:36:17.943 | ERROR    | module.spiderurl:spider_url:47 - get error: Message: timeout: Timed out receiving message from renderer: 9.912
  (Session info: headless chrome=91.0.4472.114)

2021-07-21 09:36:27.951 | ERROR    | module.spiderurl:spider_url:47 - get error: Message: timeout: Timed out receiving message from renderer: 9.881
  (Session info: headless chrome=91.0.4472.114)

2021-07-21 09:36:37.960 | ERROR    | module.spiderurl:spider_url:47 - get error: Message: timeout: Timed out receiving message from renderer: 9.912
  (Session info: headless chrome=91.0.4472.114)

2021-07-21 09:36:47.967 | ERROR    | module.spiderurl:spider_url:47 - get error: Message: timeout: Timed out receiving message from renderer: 9.909
  (Session info: headless chrome=91.0.4472.114)

2021-07-21 09:36:57.977 | ERROR    | module.spiderurl:spider_url:47 - get error: Message: timeout: Timed out receiving message from renderer: 9.917
  (Session info: headless chrome=91.0.4472.114)

2021-07-21 09:37:07.985 | ERROR    | module.spiderurl:spider_url:47 - get error: Message: timeout: Timed out receiving message from renderer: 9.929
  (Session info: headless chrome=91.0.4472.114)

2021-07-21 09:37:17.994 | ERROR    | module.spiderurl:spider_url:47 - get error: Message: timeout: Timed out receiving message from renderer: 9.915
  (Session info: headless chrome=91.0.4472.114)

2021-07-21 09:37:31.987 | ERROR    | module.spiderurl:spider_url:47 - get error: Message: timeout: Timed out receiving message from renderer: 9.878
  (Session info: headless chrome=91.0.4472.114)

2021-07-21 09:37:41.995 | ERROR    | module.spiderurl:spider_url:47 - get error: Message: timeout: Timed out receiving message from renderer: 9.933
  (Session info: headless chrome=91.0.4472.114)

2021-07-21 09:37:52.004 | ERROR    | module.spiderurl:spider_url:47 - get error: Message: timeout: Timed out receiving message from renderer: 9.889
  (Session info: headless chrome=91.0.4472.114)

2021-07-21 09:38:02.012 | ERROR    | module.spiderurl:spider_url:47 - get error: Message: timeout: Timed out receiving message from renderer: 9.923
  (Session info: headless chrome=91.0.4472.114)

2021-07-21 09:38:21.618 | ERROR    | module.spiderurl:spider_url:47 - get error: Message: timeout: Timed out receiving message from renderer: 9.928
  (Session info: headless chrome=91.0.4472.114)

2021-07-21 09:38:31.627 | ERROR    | module.spiderurl:spider_url:47 - get error: Message: timeout: Timed out receiving message from renderer: 9.877
  (Session info: headless chrome=91.0.4472.114)

2021-07-21 09:38:41.635 | ERROR    | module.spiderurl:spider_url:47 - get error: Message: timeout: Timed out receiving message from renderer: 9.920
  (Session info: headless chrome=91.0.4472.114)

2021-07-21 09:38:51.644 | ERROR    | module.spiderurl:spider_url:47 - get error: Message: timeout: Timed out receiving message from renderer: 9.915
  (Session info: headless chrome=91.0.4472.114)

2021-07-21 09:39:01.653 | ERROR    | module.spiderurl:spider_url:47 - get error: Message: timeout: Timed out receiving message from renderer: 9.919
  (Session info: headless chrome=91.0.4472.114)

2021-07-21 09:39:11.662 | ERROR    | module.spiderurl:spider_url:47 - get error: Message: timeout: Timed out receiving message from renderer: 9.927
  (Session info: headless chrome=91.0.4472.114)

2021-07-21 09:39:55.679 | ERROR    | module.spiderurl:spider_url:47 - get error: Message: timeout: Timed out receiving message from renderer: 9.924
  (Session info: headless chrome=91.0.4472.114)

2021-07-21 09:40:05.689 | ERROR    | module.spiderurl:spider_url:47 - get error: Message: timeout: Timed out receiving message from renderer: 9.930
  (Session info: headless chrome=91.0.4472.114)

2021-07-21 09:40:15.697 | ERROR    | module.spiderurl:spider_url:47 - get error: Message: timeout: Timed out receiving message from renderer: 9.878
  (Session info: headless chrome=91.0.4472.114)

2021-07-21 09:40:25.705 | ERROR    | module.spiderurl:spider_url:47 - get error: Message: timeout: Timed out receiving message from renderer: 9.919
  (Session info: headless chrome=91.0.4472.114)

2021-07-21 09:40:35.715 | ERROR    | module.spiderurl:spider_url:47 - get error: Message: timeout: Timed out receiving message from renderer: 9.925
  (Session info: headless chrome=91.0.4472.114)

2021-07-21 09:40:45.723 | ERROR    | module.spiderurl:spider_url:47 - get error: Message: timeout: Timed out receiving message from renderer: 9.901
  (Session info: headless chrome=91.0.4472.114)

2021-07-21 09:40:55.731 | ERROR    | module.spiderurl:spider_url:47 - get error: Message: timeout: Timed out receiving message from renderer: 9.926
  (Session info: headless chrome=91.0.4472.114)

2021-07-21 09:41:05.740 | ERROR    | module.spiderurl:spider_url:47 - get error: Message: timeout: Timed out receiving message from renderer: 9.898
  (Session info: headless chrome=91.0.4472.114)

2021-07-21 09:41:15.749 | ERROR    | module.spiderurl:spider_url:47 - get error: Message: timeout: Timed out receiving message from renderer: 9.917
  (Session info: headless chrome=91.0.4472.114)

2021-07-21 09:41:25.758 | ERROR    | module.spiderurl:spider_url:47 - get error: Message: timeout: Timed out receiving message from renderer: 9.914
  (Session info: headless chrome=91.0.4472.114)

2021-07-21 09:41:35.768 | ERROR    | module.spiderurl:spider_url:47 - get error: Message: timeout: Timed out receiving message from renderer: 9.927
  (Session info: headless chrome=91.0.4472.114)

2021-07-21 09:41:45.777 | ERROR    | module.spiderurl:spider_url:47 - get error: Message: timeout: Timed out receiving message from renderer: 9.905
  (Session info: headless chrome=91.0.4472.114)

2021-07-21 09:41:55.786 | ERROR    | module.spiderurl:spider_url:47 - get error: Message: timeout: Timed out receiving message from renderer: 9.922
  (Session info: headless chrome=91.0.4472.114)

2021-07-21 09:42:05.796 | ERROR    | module.spiderurl:spider_url:47 - get error: Message: timeout: Timed out receiving message from renderer: 9.927
  (Session info: headless chrome=91.0.4472.114)

2021-07-21 09:42:26.020 | ERROR    | module.spiderurl:spider_url:47 - get error: Message: timeout: Timed out receiving message from renderer: 9.909
  (Session info: headless chrome=91.0.4472.114)

2021-07-21 09:42:36.028 | ERROR    | module.spiderurl:spider_url:47 - get error: Message: timeout: Timed out receiving message from renderer: 9.920
  (Session info: headless chrome=91.0.4472.114)

2021-07-21 09:42:51.371 | ERROR    | module.spiderurl:spider_url:47 - get error: Message: timeout: Timed out receiving message from renderer: 9.900
  (Session info: headless chrome=91.0.4472.114)

2021-07-21 09:43:01.380 | ERROR    | module.spiderurl:spider_url:47 - get error: Message: timeout: Timed out receiving message from renderer: 9.913
  (Session info: headless chrome=91.0.4472.114)

2021-07-21 09:44:52.075 | ERROR    | module.spiderurl:spider_url:47 - get error: Message: timeout: Timed out receiving message from renderer: 9.926
  (Session info: headless chrome=91.0.4472.114)

2021-07-21 09:45:02.083 | ERROR    | module.spiderurl:spider_url:47 - get error: Message: timeout: Timed out receiving message from renderer: 9.918
  (Session info: headless chrome=91.0.4472.114)

2021-07-21 09:45:12.089 | ERROR    | module.spiderurl:spider_url:47 - get error: Message: timeout: Timed out receiving message from renderer: 9.920
  (Session info: headless chrome=91.0.4472.114)

2021-07-21 09:45:22.095 | ERROR    | module.spiderurl:spider_url:47 - get error: Message: timeout: Timed out receiving message from renderer: 9.924
  (Session info: headless chrome=91.0.4472.114)

2021-07-21 09:45:32.100 | ERROR    | module.spiderurl:spider_url:47 - get error: Message: timeout: Timed out receiving message from renderer: 9.922
  (Session info: headless chrome=91.0.4472.114)

2021-07-21 09:45:42.106 | ERROR    | module.spiderurl:spider_url:47 - get error: Message: timeout: Timed out receiving message from renderer: 9.917
  (Session info: headless chrome=91.0.4472.114)

2021-07-21 09:45:52.115 | ERROR    | module.spiderurl:spider_url:47 - get error: Message: timeout: Timed out receiving message from renderer: 9.918
  (Session info: headless chrome=91.0.4472.114)

2021-07-21 09:46:06.468 | ERROR    | module.spiderurl:spider_url:47 - get error: Message: timeout: Timed out receiving message from renderer: 9.890
  (Session info: headless chrome=91.0.4472.114)

2021-07-21 09:46:24.445 | ERROR    | module.spiderurl:spider_url:47 - get error: Message: timeout: Timed out receiving message from renderer: 9.925
  (Session info: headless chrome=91.0.4472.114)

2021-07-21 09:50:50.311 | ERROR    | module.spiderurl:spider_url:47 - get error: Message: timeout: Timed out receiving message from renderer: 9.920
  (Session info: headless chrome=91.0.4472.114)

2021-07-21 09:51:08.804 | ERROR    | module.spiderurl:spider_url:47 - get error: Message: timeout: Timed out receiving message from renderer: 9.924
  (Session info: headless chrome=91.0.4472.114)

2021-07-21 09:51:18.812 | ERROR    | module.spiderurl:spider_url:47 - get error: Message: timeout: Timed out receiving message from renderer: 9.894
  (Session info: headless chrome=91.0.4472.114)

2021-07-21 09:51:28.821 | ERROR    | module.spiderurl:spider_url:47 - get error: Message: timeout: Timed out receiving message from renderer: 9.903
  (Session info: headless chrome=91.0.4472.114)

2021-07-21 09:51:38.829 | ERROR    | module.spiderurl:spider_url:47 - get error: Message: timeout: Timed out receiving message from renderer: 9.916
  (Session info: headless chrome=91.0.4472.114)

2021-07-21 09:51:48.838 | ERROR    | module.spiderurl:spider_url:47 - get error: Message: timeout: Timed out receiving message from renderer: 9.892
  (Session info: headless chrome=91.0.4472.114)

2021-07-21 09:51:58.847 | ERROR    | module.spiderurl:spider_url:47 - get error: Message: timeout: Timed out receiving message from renderer: 9.919
  (Session info: headless chrome=91.0.4472.114)

2021-07-21 09:52:15.436 | ERROR    | module.spiderurl:spider_url:47 - get error: Message: timeout: Timed out receiving message from renderer: 9.916
  (Session info: headless chrome=91.0.4472.114)

2021-07-21 09:52:30.666 | ERROR    | module.spiderurl:spider_url:47 - get error: Message: timeout: Timed out receiving message from renderer: 9.896
  (Session info: headless chrome=91.0.4472.114)

2021-07-21 09:53:06.987 | ERROR    | module.spiderurl:spider_url:47 - get error: Message: timeout: Timed out receiving message from renderer: 9.921
  (Session info: headless chrome=91.0.4472.114)

2021-07-21 09:53:52.507 | ERROR    | module.spiderurl:spider_url:47 - get error: Message: timeout: Timed out receiving message from renderer: 9.922
  (Session info: headless chrome=91.0.4472.114)

2021-07-21 09:54:27.319 | ERROR    | module.spiderurl:spider_url:47 - get error: Message: timeout: Timed out receiving message from renderer: 9.905
  (Session info: headless chrome=91.0.4472.114)

2021-07-21 09:55:01.390 | ERROR    | module.spiderurl:spider_url:47 - get error: Message: timeout: Timed out receiving message from renderer: 9.895
  (Session info: headless chrome=91.0.4472.114)

2021-07-21 10:05:13.157 | ERROR    | module.spiderurl:spider_url:47 - get error: Message: timeout: Timed out receiving message from renderer: 9.923
  (Session info: headless chrome=91.0.4472.114)

2021-07-21 10:05:23.166 | ERROR    | module.spiderurl:spider_url:47 - get error: Message: timeout: Timed out receiving message from renderer: 9.930
  (Session info: headless chrome=91.0.4472.114)

2021-07-21 10:06:28.004 | ERROR    | module.spiderurl:spider_url:47 - get error: Message: timeout: Timed out receiving message from renderer: -0.000
  (Session info: headless chrome=91.0.4472.114)

2021-07-21 10:06:38.014 | ERROR    | module.spiderurl:spider_url:47 - get error: Message: timeout: Timed out receiving message from renderer: -0.000
  (Session info: headless chrome=91.0.4472.114)

2021-07-21 10:06:48.023 | ERROR    | module.spiderurl:spider_url:47 - get error: Message: timeout: Timed out receiving message from renderer: -0.000
  (Session info: headless chrome=91.0.4472.114)

2021-07-21 10:07:01.110 | ERROR    | module.spiderurl:spider_url:47 - get error: http://basic.10jqka.com.cn/430320/company.html - Message: timeout: Timed out receiving message from renderer: 9.790
  (Session info: headless chrome=91.0.4472.114)

2021-07-21 10:07:11.116 | ERROR    | module.spiderurl:spider_url:47 - get error: http://basic.10jqka.com.cn/430297/holder.html - Message: timeout: Timed out receiving message from renderer: 9.939
  (Session info: headless chrome=91.0.4472.114)

2021-07-21 10:07:21.124 | ERROR    | module.spiderurl:spider_url:47 - get error: http://basic.10jqka.com.cn/430228/operate.html - Message: timeout: Timed out receiving message from renderer: 9.927
  (Session info: headless chrome=91.0.4472.114)

2021-07-21 10:07:31.130 | ERROR    | module.spiderurl:spider_url:47 - get error: http://basic.10jqka.com.cn/430473/equity.html - Message: timeout: Timed out receiving message from renderer: 9.949
  (Session info: headless chrome=91.0.4472.114)

2021-07-21 10:07:41.139 | ERROR    | module.spiderurl:spider_url:47 - get error: http://basic.10jqka.com.cn/430321/company.html - Message: timeout: Timed out receiving message from renderer: 9.925
  (Session info: headless chrome=91.0.4472.114)

2021-07-21 10:07:51.149 | ERROR    | module.spiderurl:spider_url:47 - get error: http://basic.10jqka.com.cn/430289/finance.html - Message: timeout: Timed out receiving message from renderer: 9.923
  (Session info: headless chrome=91.0.4472.114)

2021-07-21 10:08:01.164 | ERROR    | module.spiderurl:spider_url:47 - get error: http://basic.10jqka.com.cn/430229/operate.html - Message: timeout: Timed out receiving message from renderer: 9.942
  (Session info: headless chrome=91.0.4472.114)

2021-07-21 10:08:11.173 | ERROR    | module.spiderurl:spider_url:47 - get error: http://basic.10jqka.com.cn/430298/holder.html - Message: timeout: Timed out receiving message from renderer: 9.935
  (Session info: headless chrome=91.0.4472.114)

2021-07-21 10:08:21.181 | ERROR    | module.spiderurl:spider_url:47 - get error: http://basic.10jqka.com.cn/430322/company.html - Message: timeout: Timed out receiving message from renderer: 9.926
  (Session info: headless chrome=91.0.4472.114)

2021-07-21 10:08:31.188 | ERROR    | module.spiderurl:spider_url:47 - get error: http://basic.10jqka.com.cn/430320/company.html - Message: timeout: Timed out receiving message from renderer: 9.987
  (Session info: headless chrome=91.0.4472.114)

2021-07-21 10:08:41.198 | ERROR    | module.spiderurl:spider_url:47 - get error: http://basic.10jqka.com.cn/430474/equity.html - Message: timeout: Timed out receiving message from renderer: 9.869
  (Session info: headless chrome=91.0.4472.114)

2021-07-21 10:08:51.205 | ERROR    | module.spiderurl:spider_url:47 - get error: http://basic.10jqka.com.cn/430230/operate.html - Message: timeout: Timed out receiving message from renderer: 9.938
  (Session info: headless chrome=91.0.4472.114)

2021-07-21 10:09:01.215 | ERROR    | module.spiderurl:spider_url:47 - get error: http://basic.10jqka.com.cn/430290/finance.html - Message: timeout: Timed out receiving message from renderer: 9.905
  (Session info: headless chrome=91.0.4472.114)

2021-07-21 10:16:15.559 | ERROR    | module.spiderurl:spider_url:47 - get error: http://basic.10jqka.com.cn/430354/company.html - Message: timeout: Timed out receiving message from renderer: 9.790
  (Session info: headless chrome=91.0.4472.114)

2021-07-21 10:16:25.568 | ERROR    | module.spiderurl:spider_url:47 - get error: http://basic.10jqka.com.cn/430512/equity.html - Message: timeout: Timed out receiving message from renderer: 9.930
  (Session info: headless chrome=91.0.4472.114)

2021-07-21 10:16:35.577 | ERROR    | module.spiderurl:spider_url:47 - get error: http://basic.10jqka.com.cn/430319/finance.html - Message: timeout: Timed out receiving message from renderer: 9.919
  (Session info: headless chrome=91.0.4472.114)

2021-07-21 10:16:45.586 | ERROR    | module.spiderurl:spider_url:47 - get error: http://basic.10jqka.com.cn/430330/holder.html - Message: timeout: Timed out receiving message from renderer: 9.851
  (Session info: headless chrome=91.0.4472.114)

2021-07-21 10:16:55.594 | ERROR    | module.spiderurl:spider_url:47 - get error: http://basic.10jqka.com.cn/430261/operate.html - Message: timeout: Timed out receiving message from renderer: 9.907
  (Session info: headless chrome=91.0.4472.114)

2021-07-21 10:17:05.602 | ERROR    | module.spiderurl:spider_url:47 - get error: http://basic.10jqka.com.cn/430513/equity.html - Message: timeout: Timed out receiving message from renderer: 9.931
  (Session info: headless chrome=91.0.4472.114)

2021-07-21 10:17:15.611 | ERROR    | module.spiderurl:spider_url:47 - get error: http://basic.10jqka.com.cn/430355/company.html - Message: timeout: Timed out receiving message from renderer: 9.922
  (Session info: headless chrome=91.0.4472.114)

2021-07-21 10:17:25.621 | ERROR    | module.spiderurl:spider_url:47 - get error: http://basic.10jqka.com.cn/430331/holder.html - Message: timeout: Timed out receiving message from renderer: 9.638
  (Session info: headless chrome=91.0.4472.114)

2021-07-21 10:17:35.629 | ERROR    | module.spiderurl:spider_url:47 - get error: http://basic.10jqka.com.cn/430320/finance.html - Message: timeout: Timed out receiving message from renderer: 9.918
  (Session info: headless chrome=91.0.4472.114)

2021-07-21 10:17:45.635 | ERROR    | module.spiderurl:spider_url:47 - get error: http://basic.10jqka.com.cn/430514/equity.html - Message: timeout: Timed out receiving message from renderer: 9.871
  (Session info: headless chrome=91.0.4472.114)

2021-07-21 10:17:55.643 | ERROR    | module.spiderurl:spider_url:47 - get error: http://basic.10jqka.com.cn/430262/operate.html - Message: timeout: Timed out receiving message from renderer: 9.919
  (Session info: headless chrome=91.0.4472.114)

2021-07-21 10:18:05.648 | ERROR    | module.spiderurl:spider_url:47 - get error: http://basic.10jqka.com.cn/430331/holder.html - Message: timeout: Timed out receiving message from renderer: 9.984
  (Session info: headless chrome=91.0.4472.114)

2021-07-21 10:18:15.657 | ERROR    | module.spiderurl:spider_url:47 - get error: http://basic.10jqka.com.cn/430332/holder.html - Message: timeout: Timed out receiving message from renderer: 9.855
  (Session info: headless chrome=91.0.4472.114)

